#
# There is insufficient memory for the Java Runtime Environment to continue.
# Native memory allocation (malloc) failed to allocate 1048576 bytes for AllocateHeap
# Possible reasons:
#   The system is out of physical RAM or swap space
#   The process is running with CompressedOops enabled, and the Java Heap may be blocking the growth of the native heap
# Possible solutions:
#   Reduce memory load on the system
#   Increase physical memory or swap space
#   Check if swap backing store is full
#   Decrease Java heap size (-Xmx/-Xms)
#   Decrease number of Java threads
#   Decrease Java thread stack sizes (-Xss)
#   Set larger code cache with -XX:ReservedCodeCacheSize=
#   JVM is running with Zero Based Compressed Oops mode in which the Java heap is
#     placed in the first 32GB address space. The Java Heap base address is the
#     maximum limit for the native heap growth. Please use -XX:HeapBaseMinAddress
#     to set the Java Heap base and to place the Java Heap above 32GB virtual address.
# This output file may be truncated or incomplete.
#
#  Out of Memory Error (memory/allocation.inline.hpp:61), pid=2484, tid=0x0000000000003fcc
#
# JRE version:  (8.0_271-b09) (build )
# Java VM: Java HotSpot(TM) 64-Bit Server VM (25.271-b09 mixed mode windows-amd64 compressed oops)
# Failed to write core dump. Minidumps are not enabled by default on client versions of Windows
#

---------------  T H R E A D  ---------------

Current thread (0x000002261754f800):  JavaThread "Unknown thread" [_thread_in_vm, id=16332, stack(0x0000009994900000,0x0000009994a00000)]

Stack: [0x0000009994900000,0x0000009994a00000]
Native frames: (J=compiled Java code, j=interpreted, Vv=VM code, C=native code)
V  [jvm.dll+0x33f6c9]
V  [jvm.dll+0x286122]
V  [jvm.dll+0x286dcd]
V  [jvm.dll+0x27d805]
V  [jvm.dll+0x1565d]
V  [jvm.dll+0x3da1f7]
V  [jvm.dll+0x3d6637]
V  [jvm.dll+0x10cfff]
V  [jvm.dll+0x21ab2b]
V  [jvm.dll+0x2494e7]
V  [jvm.dll+0x172a76]
C  [javaw.exe+0x2322]
C  [javaw.exe+0x16544]
C  [KERNEL32.DLL+0x17034]
C  [ntdll.dll+0x4cec1]


---------------  P R O C E S S  ---------------

Java Threads: ( => current thread )

Other Threads:

=>0x000002261754f800 (exited) JavaThread "Unknown thread" [_thread_in_vm, id=16332, stack(0x0000009994900000,0x0000009994a00000)]

VM state:not at safepoint (normal execution)

VM Mutex/Monitor currently owned by a thread: None

heap address: 0x0000000710c00000, size: 2804 MB, Compressed Oops mode: Zero based, Oop shift amount: 3
Narrow klass base: 0x0000000000000000, Narrow klass shift: 3
Compressed class space size: 1073741824 Address: 0x00000007c0000000

Heap:
 PSYoungGen      total 52736K, used 911K [0x0000000785980000, 0x0000000789400000, 0x00000007c0000000)
  eden space 45568K, 2% used [0x0000000785980000,0x0000000785a63d80,0x0000000788600000)
  from space 7168K, 0% used [0x0000000788d00000,0x0000000788d00000,0x0000000789400000)
  to   space 7168K, 0% used [0x0000000788600000,0x0000000788600000,0x0000000788d00000)
 ParOldGen       total 120320K, used 0K [0x0000000710c00000, 0x0000000718180000, 0x0000000785980000)
  object space 120320K, 0% used [0x0000000710c00000,0x0000000710c00000,0x0000000718180000)
 Metaspace       used 776K, capacity 4480K, committed 4480K, reserved 1056768K
  class space    used 76K, capacity 384K, committed 384K, reserved 1048576K

Card table byte_map: [0x00000226281c0000,0x0000022628740000] byte_map_base: 0x000002262493a000

Marking Bits: (ParMarkBitMap*) 0x00000000529d7fe0
 Begin Bits: [0x0000022628af0000, 0x000002262b6c0000)
 End Bits:   [0x000002262b6c0000, 0x000002262e290000)

Polling page: 0x0000022618dd0000

CodeCache: size=245760Kb used=327Kb max_used=327Kb free=245432Kb
 bounds [0x0000022618e00000, 0x0000022619070000, 0x0000022627e00000]
 total_blobs=57 nmethods=0 adapters=38
 compilation: enabled

Compilation events (0 events):
No events

GC Heap History (0 events):
No events

Deoptimization events (0 events):
No events

Classes redefined (0 events):
No events

Internal exceptions (0 events):
No events

Events (10 events):
Event: 0.025 loading class java/lang/Short
Event: 0.025 loading class java/lang/Short done
Event: 0.025 loading class java/lang/Integer
Event: 0.025 loading class java/lang/Integer done
Event: 0.025 loading class java/lang/Long
Event: 0.025 loading class java/lang/Long done
Event: 0.026 loading class java/lang/NullPointerException
Event: 0.026 loading class java/lang/NullPointerException done
Event: 0.026 loading class java/lang/ArithmeticException
Event: 0.026 loading class java/lang/ArithmeticException done


Dynamic libraries:
0x00007ff79d2f0000 - 0x00007ff79d337000 	C:\Program Files\Java\jdk1.8.0_271\bin\javaw.exe
0x00007ff86a2b0000 - 0x00007ff86a4a6000 	C:\WINDOWS\SYSTEM32\ntdll.dll
0x00007ff869630000 - 0x00007ff8696ed000 	C:\WINDOWS\System32\KERNEL32.DLL
0x00007ff867d20000 - 0x00007ff867fe8000 	C:\WINDOWS\System32\KERNELBASE.dll
0x00007ff8696f0000 - 0x00007ff86979c000 	C:\WINDOWS\System32\ADVAPI32.dll
0x00007ff868d70000 - 0x00007ff868e0e000 	C:\WINDOWS\System32\msvcrt.dll
0x00007ff8690b0000 - 0x00007ff86914b000 	C:\WINDOWS\System32\sechost.dll
0x00007ff868c40000 - 0x00007ff868d64000 	C:\WINDOWS\System32\RPCRT4.dll
0x00007ff869170000 - 0x00007ff869310000 	C:\WINDOWS\System32\USER32.dll
0x00007ff867ff0000 - 0x00007ff868012000 	C:\WINDOWS\System32\win32u.dll
0x00007ff86a240000 - 0x00007ff86a26a000 	C:\WINDOWS\System32\GDI32.dll
0x00007ff867af0000 - 0x00007ff867bf9000 	C:\WINDOWS\System32\gdi32full.dll
0x00007ff867c80000 - 0x00007ff867d1d000 	C:\WINDOWS\System32\msvcp_win.dll
0x00007ff8679f0000 - 0x00007ff867af0000 	C:\WINDOWS\System32\ucrtbase.dll
0x00007ff853ed0000 - 0x00007ff85416b000 	C:\WINDOWS\WinSxS\amd64_microsoft.windows.common-controls_6595b64144ccf1df_6.0.19041.488_none_ca04af081b815d21\COMCTL32.dll
0x00007ff8687a0000 - 0x00007ff8687d0000 	C:\WINDOWS\System32\IMM32.DLL
0x00007ff8548f0000 - 0x00007ff854905000 	C:\Program Files\Java\jdk1.8.0_271\jre\bin\vcruntime140.dll
0x00007ff854650000 - 0x00007ff8546eb000 	C:\Program Files\Java\jdk1.8.0_271\jre\bin\msvcp140.dll
0x00000000521e0000 - 0x0000000052a4f000 	C:\Program Files\Java\jdk1.8.0_271\jre\bin\server\jvm.dll
0x00007ff869150000 - 0x00007ff869158000 	C:\WINDOWS\System32\PSAPI.DLL
0x00007ff85b6b0000 - 0x00007ff85b6d7000 	C:\WINDOWS\SYSTEM32\WINMM.dll
0x00007ff81ddc0000 - 0x00007ff81ddc9000 	C:\WINDOWS\SYSTEM32\WSOCK32.dll
0x00007ff85f1a0000 - 0x00007ff85f1aa000 	C:\WINDOWS\SYSTEM32\VERSION.dll
0x00007ff869310000 - 0x00007ff86937b000 	C:\WINDOWS\System32\WS2_32.dll
0x00007ff865920000 - 0x00007ff865932000 	C:\WINDOWS\SYSTEM32\kernel.appcore.dll
0x00007ff854a70000 - 0x00007ff854a80000 	C:\Program Files\Java\jdk1.8.0_271\jre\bin\verify.dll
0x00007ff8536a0000 - 0x00007ff8536cb000 	C:\Program Files\Java\jdk1.8.0_271\jre\bin\java.dll
0x00007ff851490000 - 0x00007ff8514a8000 	C:\Program Files\Java\jdk1.8.0_271\jre\bin\zip.dll
0x00007ff85e360000 - 0x00007ff85e544000 	C:\WINDOWS\SYSTEM32\dbghelp.dll
0x00007ff867c00000 - 0x00007ff867c7f000 	C:\WINDOWS\System32\bcryptPrimitives.dll

VM Arguments:
jvm_args: -Dfile.encoding=Cp1252 
java_command: application.Main
java_class_path (initial): D:\gabri\Documents\Gab files\ComSci\Coding\Java\Calculator\bin;C:\Users\gabri\.p2\pool\plugins\org.eclipse.fx.ide.css.jfx8_3.5.0.201907240300.jar
Launcher Type: SUN_STANDARD

Environment Variables:
PATH=C:/Program Files/Java/jdk-15.0.1/bin/server;C:/Program Files/Java/jdk-15.0.1/bin;C:\Program Files\Common Files\Oracle\Java\javapath;C:\Program Files (x86)\Common Files\Oracle\Java\javapath;C:\WINDOWS\system32;C:\WINDOWS;C:\WINDOWS\System32\Wbem;C:\WINDOWS\System32\WindowsPowerShell\v1.0\;C:\WINDOWS\System32\OpenSSH\;C:\Program Files\NVIDIA Corporation\NVIDIA NvDLISR;C:\Program Files (x86)\NVIDIA Corporation\PhysX\Common;C:\Program Files\dotnet\;C:\Program Files\Enmotus\ECmd;C:\Program Files\nodejs\;C:\Program Files\Git\cmd;C:\Program Files\Java\jdk-14.0.2\bin;C:\Users\gabri\AppData\Local\Programs\Python\Python38-32\Scripts\;C:\Users\gabri\AppData\Local\Programs\Python\Python38-32\;C:\Users\gabri\AppData\Local\Microsoft\WindowsApps;C:\Users\gabri\AppData\Local\Programs\Microsoft VS Code\bin;C:\Users\gabri\AppData\Roaming\npm;C:\Program Files\mingw-w64\x86_64-8.1.0-posix-seh-rt_v6-rev0\mingw64\bin.;D:\Program Files\PyCharm 2019.2.1\bin;;C:\Users\gabri\.dotnet\tools;C:\Program Files\JetBrains\PyCharm Community Edition 2019.2\bin;;C:\Program Files\Java\jdk-14.0.2\bin;;C:\WINDOWS\system32;
USERNAME=gabri
OS=Windows_NT
PROCESSOR_IDENTIFIER=AMD64 Family 23 Model 17 Stepping 0, AuthenticAMD



---------------  S Y S T E M  ---------------

OS: Windows 10.0 , 64 bit Build 19041 (10.0.19041.546)

CPU:total 8 (initial active 8) (8 cores per cpu, 1 threads per core) family 23 model 17 stepping 0, cmov, cx8, fxsr, mmx, sse, sse2, sse3, ssse3, sse4.1, sse4.2, popcnt, avx, avx2, aes, clmul, mmxext, 3dnowpref, lzcnt, sse4a, tsc, tscinvbit, tscinv, bmi1

Memory: 4k page, physical 11481320k(4103020k free), swap 13833448k(6056k free)

vm_info: Java HotSpot(TM) 64-Bit Server VM (25.271-b09) for windows-amd64 JRE (1.8.0_271-b09), built on Sep 16 2020 19:14:59 by "" with MS VC++ 15.9 (VS2017)

time: Mon Nov 30 12:57:07 2020
timezone: Malay Peninsula Standard Time
elapsed time: 0.043976 seconds (0d 0h 0m 0s)

